{"docs_url":"/api-docs","json_url":"/api-docs.json","level":"info","message":"swagger_ui_started","service":"http_server","timestamp":"2026-03-08T08:59:16.328Z","yaml_url":"/api-docs.yaml"}
{"env":"development","level":"info","log_level":"debug","message":"http_server_started","port":8012,"service":"http_server","timestamp":"2026-03-08T08:59:16.336Z"}
{"level":"info","message":"grpc_server_started","port":10004,"service":"grpc_server","timestamp":"2026-03-08T08:59:16.343Z"}
{"level":"info","message":"rabbitmq_connected","service":"rabbitmq","timestamp":"2026-03-08T08:59:16.416Z"}
{"exchange":"refina_microservice","level":"info","message":"queue_bound","queue":"refina-analytics","routingKey":"wallet.*","service":"rabbitmq_consumer","timestamp":"2026-03-08T08:59:16.445Z"}
{"exchange":"refina_microservice","level":"info","message":"queue_bound","queue":"refina-analytics","routingKey":"transaction.*","service":"rabbitmq_consumer","timestamp":"2026-03-08T08:59:16.448Z"}
{"exchange":"refina_microservice","level":"info","message":"queue_bound","queue":"refina-analytics","routingKey":"investment.*","service":"rabbitmq_consumer","timestamp":"2026-03-08T08:59:16.450Z"}
{"bindings":["wallet.*","transaction.*","investment.*"],"exchange":"refina_microservice","level":"info","maxRetry":4,"message":"consumer_ready","queue":"refina-analytics","retryDelayMs":15000,"retryQueue":"refina-analytics.retry","service":"rabbitmq_consumer","timestamp":"2026-03-08T08:59:16.464Z"}
{"level":"info","message":"db_connected","service":"database","timestamp":"2026-03-08T08:59:17.848Z"}
{"error":"Connection closed: 320 (CONNECTION-FORCED) with message \"CONNECTION_FORCED - broker forced connection closure with reason 'shutdown'\"","level":"warn","message":"rabbitmq_disconnected","service":"rabbitmq","timestamp":"2026-03-08T09:09:31.580Z"}
{"level":"info","message":"shutdown_started","service":"main","timestamp":"2026-03-08T09:09:31.887Z"}
{"docs_url":"/api-docs","json_url":"/api-docs.json","level":"info","message":"swagger_ui_started","service":"http_server","timestamp":"2026-03-08T10:25:55.651Z","yaml_url":"/api-docs.yaml"}
{"env":"development","level":"info","log_level":"debug","message":"http_server_started","port":8012,"service":"http_server","timestamp":"2026-03-08T10:25:55.660Z"}
{"level":"info","message":"grpc_server_started","port":10004,"service":"grpc_server","timestamp":"2026-03-08T10:25:55.668Z"}
{"level":"info","message":"rabbitmq_connected","service":"rabbitmq","timestamp":"2026-03-08T10:25:55.905Z"}
{"exchange":"refina_microservice","level":"info","message":"queue_bound","queue":"refina-analytics","routingKey":"wallet.*","service":"rabbitmq_consumer","timestamp":"2026-03-08T10:25:55.938Z"}
{"exchange":"refina_microservice","level":"info","message":"queue_bound","queue":"refina-analytics","routingKey":"transaction.*","service":"rabbitmq_consumer","timestamp":"2026-03-08T10:25:55.941Z"}
{"exchange":"refina_microservice","level":"info","message":"queue_bound","queue":"refina-analytics","routingKey":"investment.*","service":"rabbitmq_consumer","timestamp":"2026-03-08T10:25:55.946Z"}
{"bindings":["wallet.*","transaction.*","investment.*"],"exchange":"refina_microservice","level":"info","maxRetry":4,"message":"consumer_ready","queue":"refina-analytics","retryDelayMs":15000,"retryQueue":"refina-analytics.retry","service":"rabbitmq_consumer","timestamp":"2026-03-08T10:25:55.975Z"}
{"level":"info","message":"db_connected","service":"database","timestamp":"2026-03-08T10:25:56.565Z"}
{"level":"info","message":"shutdown_started","service":"main","timestamp":"2026-03-08T10:25:57.800Z"}
{"level":"info","message":"grpc_server_shutdown","service":"grpc_server","timestamp":"2026-03-08T10:25:57.802Z"}
{"level":"warn","message":"channel_closed","service":"rabbitmq_consumer","timestamp":"2026-03-08T10:25:57.808Z"}
{"level":"info","message":"rabbitmq_connection_closed","service":"rabbitmq","timestamp":"2026-03-08T10:25:57.819Z"}
{"docs_url":"/api-docs","json_url":"/api-docs.json","level":"info","message":"swagger_ui_started","service":"http_server","timestamp":"2026-03-09T06:44:25.283Z","yaml_url":"/api-docs.yaml"}
{"env":"development","level":"info","log_level":"debug","message":"http_server_started","port":8012,"service":"http_server","timestamp":"2026-03-09T06:44:25.294Z"}
{"level":"info","message":"grpc_server_started","port":10004,"service":"grpc_server","timestamp":"2026-03-09T06:44:25.304Z"}
{"level":"info","message":"rabbitmq_connected","service":"rabbitmq","timestamp":"2026-03-09T06:44:25.353Z"}
{"exchange":"refina_microservice","level":"info","message":"queue_bound","queue":"refina-analytics","routingKey":"wallet.*","service":"rabbitmq_consumer","timestamp":"2026-03-09T06:44:25.370Z"}
{"exchange":"refina_microservice","level":"info","message":"queue_bound","queue":"refina-analytics","routingKey":"transaction.*","service":"rabbitmq_consumer","timestamp":"2026-03-09T06:44:25.374Z"}
{"exchange":"refina_microservice","level":"info","message":"queue_bound","queue":"refina-analytics","routingKey":"investment.*","service":"rabbitmq_consumer","timestamp":"2026-03-09T06:44:25.377Z"}
{"bindings":["wallet.*","transaction.*","investment.*"],"exchange":"refina_microservice","level":"info","maxRetry":4,"message":"consumer_ready","queue":"refina-analytics","retryDelayMs":15000,"retryQueue":"refina-analytics.retry","service":"rabbitmq_consumer","timestamp":"2026-03-09T06:44:25.390Z"}
{"level":"info","message":"db_connected","service":"database","timestamp":"2026-03-09T06:44:26.030Z"}
{"error":"Connection closed: 320 (CONNECTION-FORCED) with message \"CONNECTION_FORCED - broker forced connection closure with reason 'shutdown'\"","level":"warn","message":"rabbitmq_disconnected","service":"rabbitmq","timestamp":"2026-03-09T07:58:57.835Z"}
{"level":"info","message":"shutdown_started","service":"main","timestamp":"2026-03-09T07:58:58.135Z"}
